                                            The SAS System             09:11 Sunday, June 26, 2011   1

                                         The Mixed Procedure

                                          Model Information

                        Data Set                     WORK.RDATA
                        Dependent Variable           ASATISF
                        Covariance Structures        Unstructured,
                                                     Heterogeneous Compound
                                                     Symmetry
                        Subject Effects              DYADID, DYADID*Day
                        Estimation Method            REML
                        Residual Variance Method     None
                        Fixed Effects SE Method      Model-Based
                        Degrees of Freedom Method    Satterthwaite


                                       Class Level Information

                          Class     Levels    Values

                          DYADID       103    1 2 3 4 5 8 10 11 12 14 16 17
                                              19 20 21 22 23 24 25 26 27 31
                                              32 33 37 38 39 40 41 43 46 49
                                              50 51 52 54 56 57 58 60 61 63
                                              64 65 67 69 70 71 73 74 75 76
                                              77 79 81 82 83 85 86 87 88 90
                                              92 93 94 95 96 98 100 101 102
                                              103 104 109 110 111 112 113
                                              117 118 122 124 126 127 129
                                              130 131 132 134 135 139 140
                                              141 142 143 144 147 148 149
                                              151 152 153 154
                          Day           14    1 2 3 4 5 6 7 8 9 10 11 12 13
                                              14
                          Person         2    1 2


                                             Dimensions

                                 Covariance Parameters            13
                                 Columns in X                      4
                                 Columns in Z Per Subject          4
                                 Subjects                        103
                                 Max Obs Per Subject              28


                                       Number of Observations

                             Number of Observations Read            2884
                             Number of Observations Used            2866
                             Number of Observations Not Used          18
                                            The SAS System             09:11 Sunday, June 26, 2011   2

                                         The Mixed Procedure

                                          Iteration History

                     Iteration    Evaluations    -2 Res Log Like       Criterion

                             0              1      7503.17680108
                             1              2      5645.99700234      0.00000060
                             2              1      5645.99688664      0.00000000


                                      Convergence criteria met.


                                        Estimated R Correlation
                                       Matrix for DYADID*Day 1 1

                                      Row        Col1        Col2

                                        1      1.0000      0.4326
                                        2      0.4326      1.0000


                                    Covariance Parameter Estimates

                                                       Standard         Z
                 Cov Parm    Subject       Estimate       Error     Value        Pr Z

                 UN(1,1)     DYADID          0.4753     0.06988      6.80      <.0001
                 UN(2,1)     DYADID          0.3104     0.05163      6.01      <.0001
                 UN(2,2)     DYADID          0.3084     0.04727      6.52      <.0001
                 UN(3,1)     DYADID        -0.00199    0.004406     -0.45      0.6521
                 UN(3,2)     DYADID        0.001476    0.003620      0.41      0.6835
                 UN(3,3)     DYADID        0.002497    0.000557      4.48      <.0001
                 UN(4,1)     DYADID        -0.00057    0.004465     -0.13      0.8987
                 UN(4,2)     DYADID        0.003968    0.003695      1.07      0.2829
                 UN(4,3)     DYADID        0.001104    0.000439      2.52      0.0118
                 UN(4,4)     DYADID        0.002291    0.000577      3.97      <.0001
                 Var(1)      DYADID*Day      0.3305     0.01335     24.76      <.0001
                 Var(2)      DYADID*Day      0.4047     0.01632     24.80      <.0001
                 CSH         DYADID*Day      0.4326     0.02322     18.63      <.0001


                                           Fit Statistics

                                -2 Res Log Likelihood          5646.0
                                AIC (smaller is better)        5672.0
                                AICC (smaller is better)       5672.1
                                BIC (smaller is better)        5706.2


                                            The SAS System             09:11 Sunday, June 26, 2011   3

                                         The Mixed Procedure

                                   Null Model Likelihood Ratio Test

                                     DF    Chi-Square      Pr > ChiSq

                                     12       1857.18          <.0001


                                     Solution for Fixed Effects

                                            Standard
                  Effect        Estimate       Error      DF    t Value    Pr > |t|

                  man             6.2591     0.06961     102      89.91      <.0001
                  woman           6.3884     0.05724     102     111.61      <.0001
                  man*TIME       0.01918    0.006214     103       3.09      0.0026
                  woman*TIME    0.009855    0.006302     102       1.56      0.1209
                                            The SAS System             09:11 Sunday, June 26, 2011   4

                                         The Mixed Procedure

                                          Model Information

                        Data Set                     WORK.RDATA
                        Dependent Variable           ASATISF
                        Covariance Structures        Unstructured,
                                                     Heterogeneous Compound
                                                     Symmetry
                        Subject Effects              DYADID, DYADID*Day
                        Estimation Method            REML
                        Residual Variance Method     None
                        Fixed Effects SE Method      Model-Based
                        Degrees of Freedom Method    Satterthwaite


                                       Class Level Information

                          Class     Levels    Values

                          DYADID       103    1 2 3 4 5 8 10 11 12 14 16 17
                                              19 20 21 22 23 24 25 26 27 31
                                              32 33 37 38 39 40 41 43 46 49
                                              50 51 52 54 56 57 58 60 61 63
                                              64 65 67 69 70 71 73 74 75 76
                                              77 79 81 82 83 85 86 87 88 90
                                              92 93 94 95 96 98 100 101 102
                                              103 104 109 110 111 112 113
                                              117 118 122 124 126 127 129
                                              130 131 132 134 135 139 140
                                              141 142 143 144 147 148 149
                                              151 152 153 154
                          Day           14    1 2 3 4 5 6 7 8 9 10 11 12 13
                                              14
                          Person         2    1 2


                                             Dimensions

                                 Covariance Parameters            13
                                 Columns in X                      3
                                 Columns in Z Per Subject          4
                                 Subjects                        103
                                 Max Obs Per Subject              28


                                       Number of Observations

                             Number of Observations Read            2884
                             Number of Observations Used            2866
                             Number of Observations Not Used          18
                                            The SAS System             09:11 Sunday, June 26, 2011   5

                                         The Mixed Procedure

                                          Iteration History

                     Iteration    Evaluations    -2 Res Log Like       Criterion

                             0              1     18774.57024302
                             1              2      6142.73267993    1433.2104402
                             2              1      6140.81154306     23.47668296
                             3              1      6139.70438539      0.04215182
                             4              2      6138.45136602      0.00286471
                             5              1      6137.53328397      0.00426897
                             6              3      6137.39311793      0.00454970
                             7              1      6134.92392964      0.00209114
                             8              1      6134.03505318      0.00198485
                             9              1      6133.00674151      0.00252403
                            10              2      6132.72546440      0.00225063
                            11              1      6131.66553808      0.00143795
                            12              1      6131.31535369      0.00203531
                            13              3      6130.76371700      0.00106455
                            14              1      6130.20731612      0.00083092
                            15              2      6130.02960629      0.00064134
                            16              1      6129.79165373      0.00063269
                            17              2      6129.60279034      0.00028908
                            18              1      6129.44324231      0.00016213
                            19              1      6129.37139689      0.00011413
                            20              1      6129.31187571      0.00005273
                            21              1      6129.29492735      0.00003399
                            22              1      6129.27940266      0.00000313
                            23              1      6129.27801864      0.00000019
                            24              1      6129.27793569      0.00000000


                                      Convergence criteria met.


                                        Estimated R Correlation
                                       Matrix for DYADID*Day 1 1

                                      Row        Col1        Col2

                                        1      1.0000      0.4326
                                        2      0.4326      1.0000


                                    Covariance Parameter Estimates

                                                       Standard         Z
                 Cov Parm    Subject       Estimate       Error     Value        Pr Z

                 UN(1,1)     DYADID         49.6678      7.5611      6.57      <.0001
                 UN(2,1)     DYADID         39.8203      5.5646      7.16      <.0001
                 UN(2,2)     DYADID         32.0417      5.0914      6.29      <.0001
                 UN(3,1)     DYADID        -0.03243      0.4586     -0.07      0.9436
                                            The SAS System             09:11 Sunday, June 26, 2011   6

                                         The Mixed Procedure

                                    Covariance Parameter Estimates

                                                       Standard         Z
                 Cov Parm    Subject       Estimate       Error     Value        Pr Z

                 UN(3,2)     DYADID        -0.02297      0.3681     -0.06      0.9503
                 UN(3,3)     DYADID        0.002517    0.000796      3.16      0.0008
                 UN(4,1)     DYADID          0.2023      0.4644      0.44      0.6631
                 UN(4,2)     DYADID          0.1669      0.3751      0.44      0.6563
                 UN(4,3)     DYADID        0.000977    0.001834      0.53      0.5942
                 UN(4,4)     DYADID        0.003124    0.003879      0.81      0.2103
                 Var(1)      DYADID*Day      0.3305     0.01335     24.77      <.0001
                 Var(2)      DYADID*Day      0.4047     0.01632     24.80      <.0001
                 CSH         DYADID*Day      0.4326     0.02321     18.63      <.0001


                                           Fit Statistics

                                -2 Res Log Likelihood          6129.3
                                AIC (smaller is better)        6155.3
                                AICC (smaller is better)       6155.4
                                BIC (smaller is better)        6189.5


                                   Null Model Likelihood Ratio Test

                                     DF    Chi-Square      Pr > ChiSq

                                     12      12645.29          <.0001


                                     Solution for Fixed Effects

                                             Standard
                 Effect          Estimate       Error      DF    t Value    Pr > |t|

                 TIME            0.002245    0.005322     102       0.42      0.6740
                 AGENDER          -0.7549     0.02065     102     -36.56      <.0001
                 TIME*AGENDER     0.02131    0.003286     103       6.48      <.0001
                                            The SAS System             09:11 Sunday, June 26, 2011   7

                                         The Mixed Procedure

                                          Model Information

                        Data Set                     WORK.RDATA
                        Dependent Variable           ASATISF
                        Covariance Structures        Unstructured,
                                                     Heterogeneous Compound
                                                     Symmetry
                        Subject Effects              DYADID, DYADID*Day
                        Estimation Method            REML
                        Residual Variance Method     None
                        Fixed Effects SE Method      Model-Based
                        Degrees of Freedom Method    Satterthwaite


                                       Class Level Information

                          Class     Levels    Values

                          DYADID       102    1 2 3 4 5 8 10 11 12 14 16 17
                                              19 20 21 22 23 24 25 26 27 31
                                              32 33 37 38 40 41 43 46 49 50
                                              51 52 54 56 57 58 60 61 63 64
                                              65 67 69 70 71 73 74 75 76 77
                                              79 81 82 83 85 86 87 88 90 92
                                              93 94 95 96 98 100 101 102 103
                                              104 109 110 111 112 113 117
                                              118 122 124 126 127 129 130
                                              131 132 134 135 139 140 141
                                              142 143 144 147 148 149 151
                                              152 153 154
                          Day           14    1 2 3 4 5 6 7 8 9 10 11 12 13
                                              14
                          Person         2    1 2


                                             Dimensions

                                 Covariance Parameters            13
                                 Columns in X                     12
                                 Columns in Z Per Subject          4
                                 Subjects                        102
                                 Max Obs Per Subject              28


                                       Number of Observations

                             Number of Observations Read            2884
                             Number of Observations Used            2838
                             Number of Observations Not Used          46
                                            The SAS System             09:11 Sunday, June 26, 2011   8

                                         The Mixed Procedure

                                          Iteration History

                     Iteration    Evaluations    -2 Res Log Like       Criterion

                             0              1      7444.00185711
                             1              2      5647.63159522      0.00000093
                             2              1      5647.63138326      0.00000000


                                      Convergence criteria met.


                                        Estimated R Correlation
                                       Matrix for DYADID*Day 1 1

                                      Row        Col1        Col2

                                        1      1.0000      0.4342
                                        2      0.4342      1.0000


                                    Covariance Parameter Estimates

                                                       Standard         Z
                 Cov Parm    Subject       Estimate       Error     Value        Pr Z

                 UN(1,1)     DYADID          0.4644     0.06942      6.69      <.0001
                 UN(2,1)     DYADID          0.3071     0.05202      5.90      <.0001
                 UN(2,2)     DYADID          0.3115     0.04844      6.43      <.0001
                 UN(3,1)     DYADID        -0.00110    0.004450     -0.25      0.8053
                 UN(3,2)     DYADID        0.002110    0.003717      0.57      0.5703
                 UN(3,3)     DYADID        0.002529    0.000572      4.42      <.0001
                 UN(4,1)     DYADID        0.001306    0.004464      0.29      0.7698
                 UN(4,2)     DYADID        0.004989    0.003764      1.33      0.1851
                 UN(4,3)     DYADID        0.001109    0.000446      2.49      0.0129
                 UN(4,4)     DYADID        0.002243    0.000580      3.87      <.0001
                 Var(1)      DYADID*Day      0.3336     0.01354     24.64      <.0001
                 Var(2)      DYADID*Day      0.4066     0.01647     24.68      <.0001
                 CSH         DYADID*Day      0.4342     0.02329     18.64      <.0001


                                           Fit Statistics

                                -2 Res Log Likelihood          5647.6
                                AIC (smaller is better)        5673.6
                                AICC (smaller is better)       5673.8
                                BIC (smaller is better)        5707.8


                                            The SAS System             09:11 Sunday, June 26, 2011   9

                                         The Mixed Procedure

                                   Null Model Likelihood Ratio Test

                                     DF    Chi-Square      Pr > ChiSq

                                     12       1796.37          <.0001


                                     Solution for Fixed Effects

                                                Standard
              Effect                Estimate       Error      DF    t Value    Pr > |t|

              man                     6.2593     0.06951      99      90.05      <.0001
              woman                   6.3880     0.05806      99     110.03      <.0001
              man*TIME               0.01963    0.006307    99.6       3.11      0.0024
              woman*TIME            0.009213    0.006331    99.1       1.46      0.1487
              man*CAAvoid            -0.1403     0.06910      99      -2.03      0.0450
              woman*CAAvoid         -0.03284     0.06497      99      -0.51      0.6144
              man*CPAvoid           -0.01875     0.07779    99.1      -0.24      0.8101
              woman*CPAvoid         -0.07241     0.05771      99      -1.25      0.2125
              man*TIME*CAAvoid      0.004622    0.006261    99.2       0.74      0.4621
              woman*TIME*CAAvoid    -0.00294    0.007077    98.7      -0.42      0.6785
              man*TIME*CPAvoid      0.007404    0.007060    99.7       1.05      0.2969
              woman*TIME*CPAvoid     0.01204    0.006288    98.9       1.91      0.0584
                                            The SAS System             09:11 Sunday, June 26, 2011  10

                                         The Mixed Procedure

                                          Model Information

                        Data Set                     WORK.RDATA
                        Dependent Variable           ASATISF
                        Covariance Structures        Unstructured,
                                                     Heterogeneous Compound
                                                     Symmetry
                        Subject Effects              DYADID, DYADID*Day
                        Estimation Method            REML
                        Residual Variance Method     None
                        Fixed Effects SE Method      Model-Based
                        Degrees of Freedom Method    Satterthwaite


                                       Class Level Information

                          Class     Levels    Values

                          DYADID       102    1 2 3 4 5 8 10 11 12 14 16 17
                                              19 20 21 22 23 24 25 26 27 31
                                              32 33 37 38 40 41 43 46 49 50
                                              51 52 54 56 57 58 60 61 63 64
                                              65 67 69 70 71 73 74 75 76 77
                                              79 81 82 83 85 86 87 88 90 92
                                              93 94 95 96 98 100 101 102 103
                                              104 109 110 111 112 113 117
                                              118 122 124 126 127 129 130
                                              131 132 134 135 139 140 141
                                              142 143 144 147 148 149 151
                                              152 153 154
                          Day           14    1 2 3 4 5 6 7 8 9 10 11 12 13
                                              14
                          Person         2    1 2


                                             Dimensions

                                 Covariance Parameters            13
                                 Columns in X                     11
                                 Columns in Z Per Subject          4
                                 Subjects                        102
                                 Max Obs Per Subject              28


                                       Number of Observations

                             Number of Observations Read            2884
                             Number of Observations Used            2838
                             Number of Observations Not Used          46
                                            The SAS System             09:11 Sunday, June 26, 2011  11

                                         The Mixed Procedure

                                          Iteration History

                     Iteration    Evaluations    -2 Res Log Like       Criterion

                             0              1     18595.83244488
                             1              2      6148.35730559    6050.7418120
                             2              1      6138.30909374    124.23903079
                             3              1      6133.79315919      0.03637381
                             4              2      6132.62446470      0.00267773
                             5              1      6131.77572695      0.00562702
                             6              4      6131.03947810      0.00266668
                             7              1      6129.47722560      0.00184063
                             8              1      6129.19734435      0.00367456
                             9              3      6129.03464607      0.00342366
                            10              1      6127.11437572      0.00132319
                            11              1      6126.96357409      0.00209232
                            12              3      6126.28164484      0.00106005
                            13              1      6125.66457803      0.00080945
                            14              2      6125.41147151      0.00064812
                            15              2      6125.19281131      0.00047999
                            16              1      6124.93717751      0.00042945
                            17              1      6124.85857308      0.00075804
                            18              2      6124.66401338      0.00033933
                            19              1      6124.48195015      0.00012312
                            20              1      6124.45214891      0.00012026
                            21              1      6124.39073946      0.00002463
                            22              1      6124.38070929      0.00001014
                            23              1      6124.37570817      0.00000057
                            24              1      6124.37543646      0.00000001


                                      Convergence criteria met.


                                        Estimated R Correlation
                                       Matrix for DYADID*Day 1 1

                                      Row        Col1        Col2

                                        1      1.0000      0.4343
                                        2      0.4343      1.0000


                                    Covariance Parameter Estimates

                                                       Standard         Z
                 Cov Parm    Subject       Estimate       Error     Value        Pr Z

                 UN(1,1)     DYADID         49.4344      7.6485      6.46      <.0001
                 UN(2,1)     DYADID         40.3181      5.7168      7.05      <.0001
                 UN(2,2)     DYADID         33.0026      5.3121      6.21      <.0001
                 UN(3,1)     DYADID         0.06001      0.4717      0.13      0.8988
                                            The SAS System             09:11 Sunday, June 26, 2011  12

                                         The Mixed Procedure

                                    Covariance Parameter Estimates

                                                       Standard         Z
                 Cov Parm    Subject       Estimate       Error     Value        Pr Z

                 UN(3,2)     DYADID         0.05205      0.3858      0.13      0.8927
                 UN(3,3)     DYADID        0.002607    0.001308      1.99      0.0232
                 UN(4,1)     DYADID          0.3818      0.4715      0.81      0.4181
                 UN(4,2)     DYADID          0.3159      0.3891      0.81      0.4169
                 UN(4,3)     DYADID        0.001582    0.003990      0.40      0.6918
                 UN(4,4)     DYADID        0.005196    0.007345      0.71      0.2397
                 Var(1)      DYADID*Day      0.3336     0.01354     24.64      <.0001
                 Var(2)      DYADID*Day      0.4066     0.01647     24.68      <.0001
                 CSH         DYADID*Day      0.4343     0.02329     18.65      <.0001


                                           Fit Statistics

                                -2 Res Log Likelihood          6124.4
                                AIC (smaller is better)        6150.4
                                AICC (smaller is better)       6150.5
                                BIC (smaller is better)        6184.5


                                   Null Model Likelihood Ratio Test

                                     DF    Chi-Square      Pr > ChiSq

                                     12      12471.46          <.0001


                                     Solution for Fixed Effects

                                                 Standard
             Effect                  Estimate       Error      DF    t Value    Pr > |t|

             TIME                    -0.01694    0.005372    99.5      -3.15      0.0021
             AGENDER                  -0.7010     0.02094    99.1     -33.48      <.0001
             TIME*AGENDER             0.02791    0.003307    99.4       8.44      <.0001
             CAAvoid                  -0.1212      0.4792     100      -0.25      0.8009
             CPAvoid                  -0.1687      0.4902    99.2      -0.34      0.7315
             TIME*CAAvoid            -0.00114    0.005656    3.38      -0.20      0.8515
             TIME*CPAvoid             0.01088    0.005492    4.37       1.98      0.1126
             AGENDER*CAAvoid           0.3778      0.4634     100       0.82      0.4169
             AGENDER*CPAvoid          -0.4205      0.4747    99.1      -0.89      0.3778
             TIME*AGENDER*CAAvoid    0.006248    0.005589    3.49       1.12      0.3346
             TIME*AGENDER*CPAvoid    -0.00423    0.005423     4.6      -0.78      0.4734
                                            The SAS System             09:11 Sunday, June 26, 2011  13

                                         The Mixed Procedure

                                          Model Information

                        Data Set                     WORK.RDATA
                        Dependent Variable           ASATISF
                        Covariance Structures        Unstructured,
                                                     Heterogeneous Compound
                                                     Symmetry
                        Subject Effects              DYADID, DYADID*Day
                        Estimation Method            REML
                        Residual Variance Method     None
                        Fixed Effects SE Method      Model-Based
                        Degrees of Freedom Method    Satterthwaite


                                       Class Level Information

                          Class     Levels    Values

                          DYADID       103    1 2 3 4 5 8 10 11 12 14 16 17
                                              19 20 21 22 23 24 25 26 27 31
                                              32 33 37 38 39 40 41 43 46 49
                                              50 51 52 54 56 57 58 60 61 63
                                              64 65 67 69 70 71 73 74 75 76
                                              77 79 81 82 83 85 86 87 88 90
                                              92 93 94 95 96 98 100 101 102
                                              103 104 109 110 111 112 113
                                              117 118 122 124 126 127 129
                                              130 131 132 134 135 139 140
                                              141 142 143 144 147 148 149
                                              151 152 153 154
                          Day           13    2 3 4 5 6 7 8 9 10 11 12 13 14
                          Person         2    1 2


                                             Dimensions

                                 Covariance Parameters            24
                                 Columns in X                      6
                                 Columns in Z Per Subject          6
                                 Subjects                        103
                                 Max Obs Per Subject              26


                                       Number of Observations

                             Number of Observations Read            2884
                             Number of Observations Used            2647
                             Number of Observations Not Used         237
                                            The SAS System             09:11 Sunday, June 26, 2011  14

                                         The Mixed Procedure

                                          Iteration History

                     Iteration    Evaluations    -2 Res Log Like       Criterion

                             0              1      6798.15883987
                             1              2      5275.79251479    1338.6238670
                             2              1      5240.53028830    1723.4012698
                             3              1      5211.37751338    23627.030176
                             4              1      5153.23083388    33397.531078
                             5              1      5123.29149377    30246.900209
                             6              1      5100.94242014      0.26671573
                             7              1      5087.44959909      0.03539324
                             8              1      5083.20028565      0.00511741
                             9              1      5082.53503710      0.00037857
                            10              1      5082.48881063      0.00000485
                            11              1      5082.48825087      0.00000000


                                      Convergence criteria met.


                                        Estimated R Correlation
                                       Matrix for DYADID*Day 1 2

                                      Row        Col1        Col2

                                        1      1.0000      0.3967
                                        2      0.3967      1.0000


                                    Estimated G Correlation Matrix

 Row   Effect                 DYADID       Col1       Col2       Col3       Col4       Col5       Col6

   1   man                      1        1.0000     0.9504    -0.3327    -0.3899    -0.3206    0.01341
   2   woman                    1        0.9504     1.0000    -0.1918    -0.5936    -0.5724     0.1343
   3   man*ASATISF_LAGGEDc      1       -0.3327    -0.1918     1.0000    0.03161    -0.2284     0.5585
   4   woman*ASATISF_LAGGED     1       -0.3899    -0.5936    0.03161     1.0000     0.9120    -0.4269
   5   man*PSATISF_LAGGEDc      1       -0.3206    -0.5724    -0.2284     0.9120     1.0000    -0.2966
   6   woman*PSATISF_LAGGED     1       0.01341     0.1343     0.5585    -0.4269    -0.2966     1.0000


                                    Covariance Parameter Estimates

                                                       Standard         Z
                 Cov Parm    Subject       Estimate       Error     Value        Pr Z

                 UN(1,1)     DYADID          0.4316     0.06599      6.54      <.0001
                 UN(2,1)     DYADID          0.3429     0.05371      6.38      <.0001
                 UN(2,2)     DYADID          0.3017     0.04830      6.25      <.0001
                 UN(3,1)     DYADID        -0.04661     0.03099     -1.50      0.1325
                 UN(3,2)     DYADID        -0.02246     0.02625     -0.86      0.3921
                                            The SAS System             09:11 Sunday, June 26, 2011  15

                                         The Mixed Procedure

                                    Covariance Parameter Estimates

                                                       Standard         Z
                 Cov Parm    Subject       Estimate       Error     Value        Pr Z

                 UN(3,3)     DYADID         0.04548     0.01781      2.55      0.0053
                 UN(4,1)     DYADID        -0.06766     0.02987     -2.26      0.0235
                 UN(4,2)     DYADID        -0.08613     0.02730     -3.15      0.0016
                 UN(4,3)     DYADID        0.001781     0.01597      0.11      0.9112
                 UN(4,4)     DYADID         0.06979     0.02267      3.08      0.0010
                 UN(5,1)     DYADID        -0.04526     0.02540     -1.78      0.0747
                 UN(5,2)     DYADID        -0.06757     0.02277     -2.97      0.0030
                 UN(5,3)     DYADID        -0.01047     0.01240     -0.84      0.3986
                 UN(5,4)     DYADID         0.05178     0.01795      2.89      0.0039
                 UN(5,5)     DYADID         0.04620     0.01864      2.48      0.0066
                 UN(6,1)     DYADID        0.002472     0.03291      0.08      0.9401
                 UN(6,2)     DYADID         0.02069     0.02845      0.73      0.4671
                 UN(6,3)     DYADID         0.03342     0.01774      1.88      0.0595
                 UN(6,4)     DYADID        -0.03164     0.01719     -1.84      0.0657
                 UN(6,5)     DYADID        -0.01789     0.01330     -1.35      0.1785
                 UN(6,6)     DYADID         0.07874     0.02581      3.05      0.0011
                 Var(1)      DYADID*Day      0.3294     0.01401     23.51      <.0001
                 Var(2)      DYADID*Day      0.3855     0.01646     23.42      <.0001
                 CSH         DYADID*Day      0.3967     0.02532     15.67      <.0001


                                           Fit Statistics

                                -2 Res Log Likelihood          5082.5
                                AIC (smaller is better)        5130.5
                                AICC (smaller is better)       5130.9
                                BIC (smaller is better)        5193.7


                                   Null Model Likelihood Ratio Test

                                     DF    Chi-Square      Pr > ChiSq

                                     23       1715.67          <.0001


                                     Solution for Fixed Effects

                                                 Standard
             Effect                  Estimate       Error      DF    t Value    Pr > |t|

             man                       6.3221     0.06697      98      94.40      <.0001
             woman                     6.3911     0.05747    98.9     111.22      <.0001
             man*ASATISF_LAGGEDc      0.06953     0.04151    82.1       1.67      0.0978
             woman*ASATISF_LAGGED      0.1071     0.04426    82.2       2.42      0.0177
             man*PSATISF_LAGGEDc      -0.1185     0.03747      59      -3.16      0.0025
             woman*PSATISF_LAGGED     -0.1893     0.04528    72.1      -4.18      <.0001
                                            The SAS System             09:11 Sunday, June 26, 2011  16

                                         The Mixed Procedure

                                          Model Information

                        Data Set                     WORK.RDATA
                        Dependent Variable           ASATISF
                        Covariance Structures        Unstructured,
                                                     Heterogeneous Compound
                                                     Symmetry
                        Subject Effects              DYADID, DYADID*Day
                        Estimation Method            REML
                        Residual Variance Method     None
                        Fixed Effects SE Method      Model-Based
                        Degrees of Freedom Method    Satterthwaite


                                       Class Level Information

                          Class     Levels    Values

                          DYADID       103    1 2 3 4 5 8 10 11 12 14 16 17
                                              19 20 21 22 23 24 25 26 27 31
                                              32 33 37 38 39 40 41 43 46 49
                                              50 51 52 54 56 57 58 60 61 63
                                              64 65 67 69 70 71 73 74 75 76
                                              77 79 81 82 83 85 86 87 88 90
                                              92 93 94 95 96 98 100 101 102
                                              103 104 109 110 111 112 113
                                              117 118 122 124 126 127 129
                                              130 131 132 134 135 139 140
                                              141 142 143 144 147 148 149
                                              151 152 153 154
                          Day           13    2 3 4 5 6 7 8 9 10 11 12 13 14
                          Person         2    1 2


                                             Dimensions

                                 Covariance Parameters            24
                                 Columns in X                      6
                                 Columns in Z Per Subject          6
                                 Subjects                        103
                                 Max Obs Per Subject              26


                                       Number of Observations

                             Number of Observations Read            2884
                             Number of Observations Used            2647
                             Number of Observations Not Used         237
                                            The SAS System             09:11 Sunday, June 26, 2011  17

                                         The Mixed Procedure

                                          Iteration History

                     Iteration    Evaluations    -2 Res Log Like       Criterion

                             0              1      6802.31772295
                             1              2      5279.95139787    1325.5589899
                             2              1      5244.68917139    1705.0635001
                             3              1      5215.53639647    23355.365197
                             4              1      5157.38971697    32939.967233
                             5              1      5127.45037686    29787.157938
                             6              1      5105.10130322      0.26230117
                             7              1      5091.60848217      0.03477418
                             8              1      5087.35916874      0.00502627
                             9              1      5086.69392019      0.00037180
                            10              1      5086.64769371      0.00000476
                            11              1      5086.64713396      0.00000000


                                      Convergence criteria met.


                                        Estimated R Correlation
                                       Matrix for DYADID*Day 1 2

                                      Row        Col1        Col2

                                        1      1.0000      0.3967
                                        2      0.3967      1.0000


                                    Estimated G Correlation Matrix

 Row   Effect                 DYADID       Col1       Col2       Col3       Col4       Col5       Col6

   1   man                      1        1.0000     0.9504    -0.3327    -0.3899    -0.3206    0.01341
   2   woman                    1        0.9504     1.0000    -0.1918    -0.5936    -0.5724     0.1343
   3   ASATISF_LAGGEDc*man      1       -0.3327    -0.1918     1.0000    0.03161    -0.2284     0.5585
   4   ASATISF_LAGGED*woman     1       -0.3899    -0.5936    0.03161     1.0000     0.9120    -0.4269
   5   PSATISF_LAGGEDc*man      1       -0.3206    -0.5724    -0.2284     0.9120     1.0000    -0.2966
   6   PSATISF_LAGGED*woman     1       0.01341     0.1343     0.5585    -0.4269    -0.2966     1.0000


                                    Covariance Parameter Estimates

                                                       Standard         Z
                 Cov Parm    Subject       Estimate       Error     Value        Pr Z

                 UN(1,1)     DYADID          0.4316     0.06599      6.54      <.0001
                 UN(2,1)     DYADID          0.3429     0.05371      6.38      <.0001
                 UN(2,2)     DYADID          0.3017     0.04830      6.25      <.0001
                 UN(3,1)     DYADID        -0.04661     0.03099     -1.50      0.1325
                 UN(3,2)     DYADID        -0.02246     0.02625     -0.86      0.3921
                                            The SAS System             09:11 Sunday, June 26, 2011  18

                                         The Mixed Procedure

                                    Covariance Parameter Estimates

                                                       Standard         Z
                 Cov Parm    Subject       Estimate       Error     Value        Pr Z

                 UN(3,3)     DYADID         0.04548     0.01781      2.55      0.0053
                 UN(4,1)     DYADID        -0.06766     0.02987     -2.26      0.0235
                 UN(4,2)     DYADID        -0.08613     0.02730     -3.15      0.0016
                 UN(4,3)     DYADID        0.001781     0.01597      0.11      0.9112
                 UN(4,4)     DYADID         0.06979     0.02267      3.08      0.0010
                 UN(5,1)     DYADID        -0.04526     0.02540     -1.78      0.0747
                 UN(5,2)     DYADID        -0.06757     0.02277     -2.97      0.0030
                 UN(5,3)     DYADID        -0.01047     0.01240     -0.84      0.3986
                 UN(5,4)     DYADID         0.05178     0.01795      2.89      0.0039
                 UN(5,5)     DYADID         0.04620     0.01864      2.48      0.0066
                 UN(6,1)     DYADID        0.002472     0.03291      0.08      0.9401
                 UN(6,2)     DYADID         0.02069     0.02845      0.73      0.4671
                 UN(6,3)     DYADID         0.03342     0.01774      1.88      0.0595
                 UN(6,4)     DYADID        -0.03164     0.01719     -1.84      0.0657
                 UN(6,5)     DYADID        -0.01789     0.01330     -1.35      0.1785
                 UN(6,6)     DYADID         0.07874     0.02581      3.05      0.0011
                 Var(1)      DYADID*Day      0.3294     0.01401     23.51      <.0001
                 Var(2)      DYADID*Day      0.3855     0.01646     23.42      <.0001
                 CSH         DYADID*Day      0.3967     0.02532     15.67      <.0001


                                           Fit Statistics

                                -2 Res Log Likelihood          5086.6
                                AIC (smaller is better)        5134.6
                                AICC (smaller is better)       5135.1
                                BIC (smaller is better)        5197.9


                                   Null Model Likelihood Ratio Test

                                     DF    Chi-Square      Pr > ChiSq

                                     23       1715.67          <.0001


                                     Solution for Fixed Effects

                                                 Standard
             Effect                  Estimate       Error      DF    t Value    Pr > |t|

             Intercept                 6.3566     0.06064    99.5     104.82      <.0001
             AGENDER                 -0.03446     0.01471    41.1      -2.34      0.0241
             ASATISF_LAGGEDc          0.08831     0.02893    86.8       3.05      0.0030
             PSATISF_LAGGEDc          -0.1539     0.02464      81      -6.24      <.0001
             AGENDER*ASATISF_LAGG    -0.01877     0.03169    87.8      -0.59      0.5551
             AGENDER*PSATISF_LAGG     0.03540     0.03346    87.1       1.06      0.2930
                                            The SAS System             09:11 Sunday, June 26, 2011  19

                                         The Mixed Procedure

                                          Model Information

                        Data Set                     WORK.RDATA
                        Dependent Variable           ASATISF
                        Covariance Structures        Unstructured,
                                                     Heterogeneous Compound
                                                     Symmetry
                        Subject Effects              DYADID, DYADID*Day
                        Estimation Method            REML
                        Residual Variance Method     None
                        Fixed Effects SE Method      Model-Based
                        Degrees of Freedom Method    Satterthwaite


                                       Class Level Information

                          Class     Levels    Values

                          DYADID       102    1 2 3 4 5 8 10 11 12 14 16 17
                                              19 20 21 22 23 24 25 26 27 31
                                              32 33 37 38 40 41 43 46 49 50
                                              51 52 54 56 57 58 60 61 63 64
                                              65 67 69 70 71 73 74 75 76 77
                                              79 81 82 83 85 86 87 88 90 92
                                              93 94 95 96 98 100 101 102 103
                                              104 109 110 111 112 113 117
                                              118 122 124 126 127 129 130
                                              131 132 134 135 139 140 141
                                              142 143 144 147 148 149 151
                                              152 153 154
                          Day           13    2 3 4 5 6 7 8 9 10 11 12 13 14
                          Person         2    1 2


                                             Dimensions

                                 Covariance Parameters            24
                                 Columns in X                     18
                                 Columns in Z Per Subject          6
                                 Subjects                        102
                                 Max Obs Per Subject              26


                                       Number of Observations

                             Number of Observations Read            2884
                             Number of Observations Used            2621
                             Number of Observations Not Used         263
                                            The SAS System             09:11 Sunday, June 26, 2011  20

                                         The Mixed Procedure

                                          Iteration History

                     Iteration    Evaluations    -2 Res Log Like       Criterion

                             0              1      6768.77925289
                             1              2      5290.21992583    842.16153230
                             2              1      5249.72712659    1266.8104820
                             3              1      5233.42405941    1172.5708452
                             4              1      5204.58062491    5420.9592704
                             5              1      5171.31367930    5059.2286342
                             6              1      5146.77266082    5749.9995511
                             7              1      5113.60249641      0.17433112
                             8              1      5102.98307220      0.02234801
                             9              1      5099.47093337      0.00277128
                            10              1      5098.99186574      0.00008768
                            11              1      5098.97763500      0.00000022
                            12              1      5098.97759965      0.00000000


                                      Convergence criteria met.


                                        Estimated R Correlation
                                       Matrix for DYADID*Day 1 2

                                      Row        Col1        Col2

                                        1      1.0000      0.3986
                                        2      0.3986      1.0000


                                    Estimated G Correlation Matrix

 Row   Effect                 DYADID       Col1       Col2       Col3       Col4       Col5       Col6

   1   man                      1        1.0000     0.9457    -0.4664    -0.3828    -0.3208   -0.00670
   2   woman                    1        0.9457     1.0000    -0.2693    -0.5810    -0.5811     0.1408
   3   ASATISF_LAGGEDc*man      1       -0.4664    -0.2693     1.0000   0.008300    -0.1724     0.4476
   4   ASATISF_LAGGED*woman     1       -0.3828    -0.5810   0.008300     1.0000     0.9349    -0.4798
   5   PSATISF_LAGGEDc*man      1       -0.3208    -0.5811    -0.1724     0.9349     1.0000    -0.2707
   6   PSATISF_LAGGED*woman     1      -0.00670     0.1408     0.4476    -0.4798    -0.2707     1.0000


                                    Covariance Parameter Estimates

                                                       Standard         Z
                 Cov Parm    Subject       Estimate       Error     Value        Pr Z

                 UN(1,1)     DYADID          0.4251     0.06601      6.44      <.0001
                 UN(2,1)     DYADID          0.3392     0.05406      6.27      <.0001
                 UN(2,2)     DYADID          0.3027     0.04913      6.16      <.0001
                 UN(3,1)     DYADID        -0.05546     0.02955     -1.88      0.0606
                                            The SAS System             09:11 Sunday, June 26, 2011  21

                                         The Mixed Procedure

                                    Covariance Parameter Estimates

                                                       Standard         Z
                 Cov Parm    Subject       Estimate       Error     Value        Pr Z

                 UN(3,2)     DYADID        -0.02703     0.02520     -1.07      0.2835
                 UN(3,3)     DYADID         0.03326     0.01602      2.08      0.0190
                 UN(4,1)     DYADID        -0.06755     0.03043     -2.22      0.0264
                 UN(4,2)     DYADID        -0.08653     0.02805     -3.08      0.0020
                 UN(4,3)     DYADID        0.000410     0.01581      0.03      0.9793
                 UN(4,4)     DYADID         0.07327     0.02365      3.10      0.0010
                 UN(5,1)     DYADID        -0.04480     0.02555     -1.75      0.0796
                 UN(5,2)     DYADID        -0.06848     0.02317     -2.96      0.0031
                 UN(5,3)     DYADID        -0.00673     0.01215     -0.55      0.5795
                 UN(5,4)     DYADID         0.05420     0.01858      2.92      0.0035
                 UN(5,5)     DYADID         0.04588     0.01965      2.34      0.0098
                 UN(6,1)     DYADID        -0.00117     0.03209     -0.04      0.9710
                 UN(6,2)     DYADID         0.02073     0.02798      0.74      0.4589
                 UN(6,3)     DYADID         0.02183     0.01628      1.34      0.1799
                 UN(6,4)     DYADID        -0.03473     0.01777     -1.95      0.0506
                 UN(6,5)     DYADID        -0.01551     0.01320     -1.17      0.2402
                 UN(6,6)     DYADID         0.07153     0.02479      2.89      0.0020
                 Var(1)      DYADID*Day      0.3334     0.01429     23.34      <.0001
                 Var(2)      DYADID*Day      0.3868     0.01658     23.33      <.0001
                 CSH         DYADID*Day      0.3986     0.02542     15.68      <.0001


                                           Fit Statistics

                                -2 Res Log Likelihood          5099.0
                                AIC (smaller is better)        5147.0
                                AICC (smaller is better)       5147.4
                                BIC (smaller is better)        5210.0


                                   Null Model Likelihood Ratio Test

                                     DF    Chi-Square      Pr > ChiSq

                                     23       1669.80          <.0001


                                     Solution for Fixed Effects

                                                 Standard
             Effect                  Estimate       Error      DF    t Value    Pr > |t|

             Intercept                 6.3556     0.06095    96.7     104.28      <.0001
             AGENDER                 -0.03397     0.01505    41.7      -2.26      0.0293
             CAAvoid                 -0.07467     0.04717     107      -1.58      0.1164
             CPAvoid                 -0.04526     0.04798     106      -0.94      0.3476
             ASATISF_LAGGEDc          0.09671     0.02886    82.6       3.35      0.0012
                                            The SAS System             09:11 Sunday, June 26, 2011  22

                                         The Mixed Procedure

                                     Solution for Fixed Effects

                                                 Standard
             Effect                  Estimate       Error      DF    t Value    Pr > |t|

             PSATISF_LAGGEDc          -0.1448     0.02523    81.7      -5.74      <.0001
             AGENDER*ASATISF_LAGG    -0.00958     0.03207    80.1      -0.30      0.7660
             AGENDER*PSATISF_LAGG     0.01631     0.03375    81.9       0.48      0.6302
             AGENDER*CPAvoid          0.03705     0.04677     107       0.79      0.4300
             AGENDER*CAAvoid         -0.05300     0.04594     108      -1.15      0.2511
             CAAvoid*ASATISF_LAGG    -0.05383     0.03299     147      -1.63      0.1049
             CPAvoid*ASATISF_LAGG     0.03466     0.03283     168       1.06      0.2926
             CAAvoid*PSATISF_LAGG     0.04828     0.03198     125       1.51      0.1337
             CPAvoid*PSATISF_LAGG    -0.04971     0.03136     119      -1.59      0.1155
             AGENDE*CAAvoi*ASATIS    -0.04307     0.03339     147      -1.29      0.1991
             AGENDE*CPAvoi*ASATIS     0.04240     0.03331     166       1.27      0.2049
             AGENDE*CAAvoi*PSATIS    -0.00603     0.03290     130      -0.18      0.8549
             AGENDE*CPAvoi*PSATIS     0.04094     0.03214     123       1.27      0.2051
                                            The SAS System             09:11 Sunday, June 26, 2011  23

                                         The Mixed Procedure

                                          Model Information

                        Data Set                     WORK.RDATA
                        Dependent Variable           ASATISF
                        Covariance Structures        Unstructured,
                                                     Heterogeneous Compound
                                                     Symmetry
                        Subject Effects              DYADID, DYADID*Day
                        Estimation Method            REML
                        Residual Variance Method     None
                        Fixed Effects SE Method      Model-Based
                        Degrees of Freedom Method    Satterthwaite


                                       Class Level Information

                          Class     Levels    Values

                          DYADID       102    1 2 3 4 5 8 10 11 12 14 16 17
                                              19 20 21 22 23 24 25 26 27 31
                                              32 33 37 38 40 41 43 46 49 50
                                              51 52 54 56 57 58 60 61 63 64
                                              65 67 69 70 71 73 74 75 76 77
                                              79 81 82 83 85 86 87 88 90 92
                                              93 94 95 96 98 100 101 102 103
                                              104 109 110 111 112 113 117
                                              118 122 124 126 127 129 130
                                              131 132 134 135 139 140 141
                                              142 143 144 147 148 149 151
                                              152 153 154
                          Day           13    2 3 4 5 6 7 8 9 10 11 12 13 14
                          Person         2    1 2


                                             Dimensions

                                 Covariance Parameters            24
                                 Columns in X                     14
                                 Columns in Z Per Subject          6
                                 Subjects                        102
                                 Max Obs Per Subject              26


                                       Number of Observations

                             Number of Observations Read            2884
                             Number of Observations Used            2621
                             Number of Observations Not Used         263
                                            The SAS System             09:11 Sunday, June 26, 2011  24

                                         The Mixed Procedure

                                          Iteration History

                     Iteration    Evaluations    -2 Res Log Like       Criterion

                             0              1      6758.84106996
                             1              2      5274.94784747    715.15017509
                             2              1      5235.19247149    86793.869867
                             3              1      5214.02224923    3668757.5503
                             4              1      5162.62674934    868211.46724
                             5              1      5134.06062498      0.54904323
                             6              1      5116.15143488      0.12043833
                             7              1      5101.12907990      0.06452673
                             8              1      5088.65432005      0.02167278
                             9              1      5084.69735543      0.00580618
                            10              1      5083.68031350      0.00091634
                            11              1      5083.53144159      0.00003510
                            12              1      5083.52617514      0.00000006
                            13              1      5083.52616595      0.00000000


                                      Convergence criteria met.


                                        Estimated R Correlation
                                       Matrix for DYADID*Day 1 2

                                      Row        Col1        Col2

                                        1      1.0000      0.3978
                                        2      0.3978      1.0000


                                    Estimated G Correlation Matrix

 Row   Effect                 DYADID       Col1       Col2       Col3       Col4       Col5       Col6

   1   man                      1        1.0000     0.9442    -0.4332    -0.3838    -0.3081   -0.02272
   2   woman                    1        0.9442     1.0000    -0.2449    -0.5888    -0.5683     0.1242
   3   ASATISF_LAGGEDc*man      1       -0.4332    -0.2449     1.0000    0.06993    -0.1581     0.4787
   4   ASATISF_LAGGED*woman     1       -0.3838    -0.5888    0.06993     1.0000     0.9262    -0.4276
   5   PSATISF_LAGGEDc*man      1       -0.3081    -0.5683    -0.1581     0.9262     1.0000    -0.2494
   6   PSATISF_LAGGED*woman     1      -0.02272     0.1242     0.4787    -0.4276    -0.2494     1.0000


                                    Covariance Parameter Estimates

                                                       Standard         Z
                 Cov Parm    Subject       Estimate       Error     Value        Pr Z

                 UN(1,1)     DYADID          0.4273     0.06648      6.43      <.0001
                 UN(2,1)     DYADID          0.3395     0.05432      6.25      <.0001
                 UN(2,2)     DYADID          0.3026     0.04925      6.14      <.0001
                                            The SAS System             09:11 Sunday, June 26, 2011  25

                                         The Mixed Procedure

                                    Covariance Parameter Estimates

                                                       Standard         Z
                 Cov Parm    Subject       Estimate       Error     Value        Pr Z

                 UN(3,1)     DYADID        -0.05286     0.02992     -1.77      0.0772
                 UN(3,2)     DYADID        -0.02515     0.02551     -0.99      0.3243
                 UN(3,3)     DYADID         0.03485     0.01636      2.13      0.0166
                 UN(4,1)     DYADID        -0.06882     0.03088     -2.23      0.0258
                 UN(4,2)     DYADID        -0.08883     0.02839     -3.13      0.0018
                 UN(4,3)     DYADID        0.003581     0.01597      0.22      0.8226
                 UN(4,4)     DYADID         0.07523     0.02416      3.11      0.0009
                 UN(5,1)     DYADID        -0.04369     0.02589     -1.69      0.0915
                 UN(5,2)     DYADID        -0.06783     0.02339     -2.90      0.0037
                 UN(5,3)     DYADID        -0.00640     0.01224     -0.52      0.6009
                 UN(5,4)     DYADID         0.05511     0.01899      2.90      0.0037
                 UN(5,5)     DYADID         0.04707     0.01996      2.36      0.0092
                 UN(6,1)     DYADID        -0.00399     0.03223     -0.12      0.9014
                 UN(6,2)     DYADID         0.01837     0.02805      0.65      0.5126
                 UN(6,3)     DYADID         0.02402     0.01666      1.44      0.1494
                 UN(6,4)     DYADID        -0.03152     0.01759     -1.79      0.0732
                 UN(6,5)     DYADID        -0.01454     0.01314     -1.11      0.2686
                 UN(6,6)     DYADID         0.07225     0.02501      2.89      0.0019
                 Var(1)      DYADID*Day      0.3327     0.01424     23.35      <.0001
                 Var(2)      DYADID*Day      0.3862     0.01654     23.35      <.0001
                 CSH         DYADID*Day      0.3978     0.02542     15.65      <.0001


                                           Fit Statistics

                                -2 Res Log Likelihood          5083.5
                                AIC (smaller is better)        5131.5
                                AICC (smaller is better)       5132.0
                                BIC (smaller is better)        5194.5


                                   Null Model Likelihood Ratio Test

                                     DF    Chi-Square      Pr > ChiSq

                                     23       1675.31          <.0001


                                     Solution for Fixed Effects

                                                 Standard
             Effect                  Estimate       Error      DF    t Value    Pr > |t|

             Intercept                 6.3611     0.06095    96.2     104.37      <.0001
             AGENDER                 -0.03503     0.01517    42.3      -2.31      0.0259
             CAAvoid                 -0.06549     0.04634     108      -1.41      0.1605
             CPAvoid                 -0.03390     0.04728     108      -0.72      0.4749
                                            The SAS System             09:11 Sunday, June 26, 2011  26

                                         The Mixed Procedure

                                     Solution for Fixed Effects

                                                 Standard
             Effect                  Estimate       Error      DF    t Value    Pr > |t|

             ASATISF_LAGGEDc          0.09305     0.02918    85.9       3.19      0.0020
             PSATISF_LAGGEDc          -0.1478     0.02523    82.3      -5.86      <.0001
             AGENDER*ASATISF_LAGG    -0.00305     0.03175    81.3      -0.10      0.9237
             AGENDER*PSATISF_LAGG     0.02004     0.03357    83.2       0.60      0.5522
             AGENDER*CPAvoid          0.06911     0.04427     104       1.56      0.1215
             AGENDER*CAAvoid         -0.08587     0.04335     104      -1.98      0.0502
             CAAvoid*ASATISF_LAGG    -0.06799     0.03256     144      -2.09      0.0385
             CPAvoid*ASATISF_LAGG     0.03343     0.03271     166       1.02      0.3082
             CAAvoid*PSATISF_LAGG     0.05741     0.02995    89.4       1.92      0.0584
             CPAvoid*PSATISF_LAGG    -0.05047     0.03044     106      -1.66      0.1003
                                            The SAS System             09:11 Sunday, June 26, 2011  27

                                         The Mixed Procedure

                                          Model Information

                        Data Set                     WORK.RDATA
                        Dependent Variable           ASATISF
                        Covariance Structures        Unstructured,
                                                     Heterogeneous Compound
                                                     Symmetry
                        Subject Effects              DYADID, DYADID*Day
                        Estimation Method            REML
                        Residual Variance Method     None
                        Fixed Effects SE Method      Model-Based
                        Degrees of Freedom Method    Satterthwaite


                                       Class Level Information

                          Class     Levels    Values

                          DYADID       103    1 2 3 4 5 8 10 11 12 14 16 17
                                              19 20 21 22 23 24 25 26 27 31
                                              32 33 37 38 39 40 41 43 46 49
                                              50 51 52 54 56 57 58 60 61 63
                                              64 65 67 69 70 71 73 74 75 76
                                              77 79 81 82 83 85 86 87 88 90
                                              92 93 94 95 96 98 100 101 102
                                              103 104 109 110 111 112 113
                                              117 118 122 124 126 127 129
                                              130 131 132 134 135 139 140
                                              141 142 143 144 147 148 149
                                              151 152 153 154
                          Day           14    1 2 3 4 5 6 7 8 9 10 11 12 13
                                              14
                          Person         2    1 2


                                             Dimensions

                                 Covariance Parameters            24
                                 Columns in X                      6
                                 Columns in Z Per Subject          6
                                 Subjects                        103
                                 Max Obs Per Subject              28


                                       Number of Observations

                             Number of Observations Read            2884
                             Number of Observations Used            2833
                             Number of Observations Not Used          51
                                            The SAS System             09:11 Sunday, June 26, 2011  28

                                         The Mixed Procedure

                                          Iteration History

                     Iteration    Evaluations    -2 Res Log Like       Criterion

                             0              1      7180.20471789
                             1              2      5088.56346368    865681.25558
                             2              1      5041.06533187      1.07486512
                             3              2      5024.03796462      0.24008386
                             4              2      5000.95361918      0.02509344
                             5              1      4998.17375945      0.00213307
                             6              1      4997.94526464      0.00004391
                             7              1      4997.94085897      0.00000002
                             8              1      4997.94085675      0.00000000


                                      Convergence criteria met.


                                        Estimated R Correlation
                                       Matrix for DYADID*Day 1 1

                                      Row        Col1        Col2

                                        1      1.0000      0.2990
                                        2      0.2990      1.0000


                                    Estimated G Correlation Matrix

   Row   Effect             DYADID       Col1       Col2       Col3       Col4       Col5       Col6

     1   man                  1        1.0000     0.7975     0.4240     0.2902   -0.00893     0.5917
     2   woman                1        0.7975     1.0000     0.1817     0.4830    0.08148     0.2759
     3   man*AConflictC       1        0.4240     0.1817     1.0000     0.1210    -0.1132     0.7451
     4   woman*AConflictC     1        0.2902     0.4830     0.1210     1.0000     0.3626     0.4022
     5   man*PConflictC       1      -0.00893    0.08148    -0.1132     0.3626     1.0000    -0.1630
     6   woman*PConflictC     1        0.5917     0.2759     0.7451     0.4022    -0.1630     1.0000


                                    Covariance Parameter Estimates

                                                       Standard         Z
                 Cov Parm    Subject       Estimate       Error     Value        Pr Z

                 UN(1,1)     DYADID          0.4738     0.06976      6.79      <.0001
                 UN(2,1)     DYADID          0.3052     0.05072      6.02      <.0001
                 UN(2,2)     DYADID          0.3092     0.04653      6.64      <.0001
                 UN(3,1)     DYADID         0.04493     0.01608      2.79      0.0052
                 UN(3,2)     DYADID         0.01555     0.01254      1.24      0.2149
                 UN(3,3)     DYADID         0.02369    0.006348      3.73      <.0001
                 UN(4,1)     DYADID         0.03138     0.01545      2.03      0.0423
                 UN(4,2)     DYADID         0.04218     0.01288      3.28      0.0011
                                            The SAS System             09:11 Sunday, June 26, 2011  29

                                         The Mixed Procedure

                                    Covariance Parameter Estimates

                                                       Standard         Z
                 Cov Parm    Subject       Estimate       Error     Value        Pr Z

                 UN(4,3)     DYADID        0.002925    0.004438      0.66      0.5099
                 UN(4,4)     DYADID         0.02467    0.006336      3.89      <.0001
                 UN(5,1)     DYADID        -0.00085     0.01353     -0.06      0.9499
                 UN(5,2)     DYADID        0.006269     0.01115      0.56      0.5738
                 UN(5,3)     DYADID        -0.00241    0.003997     -0.60      0.5466
                 UN(5,4)     DYADID        0.007880    0.004260      1.85      0.0643
                 UN(5,5)     DYADID         0.01914    0.005156      3.71      0.0001
                 UN(6,1)     DYADID         0.03131     0.01215      2.58      0.0100
                 UN(6,2)     DYADID         0.01179    0.009367      1.26      0.2081
                 UN(6,3)     DYADID        0.008815    0.003712      2.37      0.0176
                 UN(6,4)     DYADID        0.004856    0.003447      1.41      0.1588
                 UN(6,5)     DYADID        -0.00173    0.003026     -0.57      0.5666
                 UN(6,6)     DYADID        0.005908    0.003668      1.61      0.0536
                 Var(1)      DYADID*Day      0.2506     0.01039     24.12      <.0001
                 Var(2)      DYADID*Day      0.2866     0.01194     23.99      <.0001
                 CSH         DYADID*Day      0.2990     0.02676     11.17      <.0001


                                           Fit Statistics

                                -2 Res Log Likelihood          4997.9
                                AIC (smaller is better)        5045.9
                                AICC (smaller is better)       5046.4
                                BIC (smaller is better)        5109.2


                                   Null Model Likelihood Ratio Test

                                     DF    Chi-Square      Pr > ChiSq

                                     23       2182.26          <.0001


                                     Solution for Fixed Effects

                                               Standard
               Effect              Estimate       Error      DF    t Value    Pr > |t|

               man                   6.2739     0.06944     101      90.35      <.0001
               woman                 6.3955     0.05674     102     112.72      <.0001
               man*AConflictC       -0.1411     0.02206    91.3      -6.40      <.0001
               woman*AConflictC     -0.1900     0.02170      88      -8.75      <.0001
               man*PConflictC      -0.05505     0.01985    89.7      -2.77      0.0067
               woman*PConflictC    -0.04284     0.01660    63.3      -2.58      0.0122
                                            The SAS System             09:11 Sunday, June 26, 2011  30

                                         The Mixed Procedure

                                          Model Information

                        Data Set                     WORK.RDATA
                        Dependent Variable           ASATISF
                        Covariance Structures        Unstructured,
                                                     Heterogeneous Compound
                                                     Symmetry
                        Subject Effects              DYADID, DYADID*Day
                        Estimation Method            REML
                        Residual Variance Method     None
                        Fixed Effects SE Method      Model-Based
                        Degrees of Freedom Method    Satterthwaite


                                       Class Level Information

                          Class     Levels    Values

                          DYADID       103    1 2 3 4 5 8 10 11 12 14 16 17
                                              19 20 21 22 23 24 25 26 27 31
                                              32 33 37 38 39 40 41 43 46 49
                                              50 51 52 54 56 57 58 60 61 63
                                              64 65 67 69 70 71 73 74 75 76
                                              77 79 81 82 83 85 86 87 88 90
                                              92 93 94 95 96 98 100 101 102
                                              103 104 109 110 111 112 113
                                              117 118 122 124 126 127 129
                                              130 131 132 134 135 139 140
                                              141 142 143 144 147 148 149
                                              151 152 153 154
                          Day           14    1 2 3 4 5 6 7 8 9 10 11 12 13
                                              14
                          Person         2    1 2


                                             Dimensions

                                 Covariance Parameters            24
                                 Columns in X                      6
                                 Columns in Z Per Subject          6
                                 Subjects                        103
                                 Max Obs Per Subject              28


                                       Number of Observations

                             Number of Observations Read            2884
                             Number of Observations Used            2833
                             Number of Observations Not Used          51
                                            The SAS System             09:11 Sunday, June 26, 2011  31

                                         The Mixed Procedure

                                          Iteration History

                     Iteration    Evaluations    -2 Res Log Like       Criterion

                             0              1      7184.36360097
                             1              2      5092.72234676    900650.20285
                             2              1      5045.22421496      1.10457673
                             3              2      5028.19684771      0.24604560
                             4              2      5005.11250226      0.02564107
                             5              1      5002.33264253      0.00217896
                             6              1      5002.10414772      0.00004486
                             7              1      5002.09974205      0.00000002
                             8              1      5002.09973984      0.00000000


                                      Convergence criteria met.


                                        Estimated R Correlation
                                       Matrix for DYADID*Day 1 1

                                      Row        Col1        Col2

                                        1      1.0000      0.2990
                                        2      0.2990      1.0000


                                    Estimated G Correlation Matrix

   Row   Effect             DYADID       Col1       Col2       Col3       Col4       Col5       Col6

     1   man                  1        1.0000     0.7975     0.4240     0.2902   -0.00893     0.5917
     2   woman                1        0.7975     1.0000     0.1817     0.4830    0.08148     0.2759
     3   AConflictC*man       1        0.4240     0.1817     1.0000     0.1210    -0.1132     0.7451
     4   AConflictC*woman     1        0.2902     0.4830     0.1210     1.0000     0.3626     0.4022
     5   PConflictC*man       1      -0.00893    0.08148    -0.1132     0.3626     1.0000    -0.1630
     6   PConflictC*woman     1        0.5917     0.2759     0.7451     0.4022    -0.1630     1.0000


                                    Covariance Parameter Estimates

                                                       Standard         Z
                 Cov Parm    Subject       Estimate       Error     Value        Pr Z

                 UN(1,1)     DYADID          0.4738     0.06976      6.79      <.0001
                 UN(2,1)     DYADID          0.3052     0.05072      6.02      <.0001
                 UN(2,2)     DYADID          0.3092     0.04653      6.64      <.0001
                 UN(3,1)     DYADID         0.04493     0.01608      2.79      0.0052
                 UN(3,2)     DYADID         0.01555     0.01254      1.24      0.2149
                 UN(3,3)     DYADID         0.02369    0.006348      3.73      <.0001
                 UN(4,1)     DYADID         0.03138     0.01545      2.03      0.0423
                 UN(4,2)     DYADID         0.04218     0.01288      3.28      0.0011
                                            The SAS System             09:11 Sunday, June 26, 2011  32

                                         The Mixed Procedure

                                    Covariance Parameter Estimates

                                                       Standard         Z
                 Cov Parm    Subject       Estimate       Error     Value        Pr Z

                 UN(4,3)     DYADID        0.002925    0.004438      0.66      0.5099
                 UN(4,4)     DYADID         0.02467    0.006336      3.89      <.0001
                 UN(5,1)     DYADID        -0.00085     0.01353     -0.06      0.9499
                 UN(5,2)     DYADID        0.006269     0.01115      0.56      0.5738
                 UN(5,3)     DYADID        -0.00241    0.003997     -0.60      0.5466
                 UN(5,4)     DYADID        0.007880    0.004260      1.85      0.0643
                 UN(5,5)     DYADID         0.01914    0.005156      3.71      0.0001
                 UN(6,1)     DYADID         0.03131     0.01215      2.58      0.0100
                 UN(6,2)     DYADID         0.01179    0.009367      1.26      0.2081
                 UN(6,3)     DYADID        0.008815    0.003712      2.37      0.0176
                 UN(6,4)     DYADID        0.004856    0.003447      1.41      0.1588
                 UN(6,5)     DYADID        -0.00173    0.003026     -0.57      0.5666
                 UN(6,6)     DYADID        0.005908    0.003668      1.61      0.0536
                 Var(1)      DYADID*Day      0.2506     0.01039     24.12      <.0001
                 Var(2)      DYADID*Day      0.2866     0.01194     23.99      <.0001
                 CSH         DYADID*Day      0.2990     0.02676     11.17      <.0001


                                           Fit Statistics

                                -2 Res Log Likelihood          5002.1
                                AIC (smaller is better)        5050.1
                                AICC (smaller is better)       5050.5
                                BIC (smaller is better)        5113.3


                                   Null Model Likelihood Ratio Test

                                     DF    Chi-Square      Pr > ChiSq

                                     23       2182.26          <.0001


                                     Solution for Fixed Effects

                                                Standard
              Effect                Estimate       Error      DF    t Value    Pr > |t|

              Intercept               6.3347     0.05936     102     106.72      <.0001
              AGENDER               -0.06082     0.02231    99.3      -2.73      0.0076
              AConflictC             -0.1655     0.01540     104     -10.75      <.0001
              PConflictC            -0.04894     0.01171     100      -4.18      <.0001
              AGENDER*AConflictC     0.02445     0.01555    93.7       1.57      0.1192
              AGENDER*PConflictC    -0.00610     0.01405    84.2      -0.43      0.6652
